This file contains any messages produced by compilers while
running configure, to aid debugging if configure makes a mistake.

It was created by jikes configure 1.22, which was
generated by GNU Autoconf 2.59.  Invocation command line was

  $ ./configure --prefix=/home/angor/Applications/pinot/PREFIX --enable-debug

## --------- ##
## Platform. ##
## --------- ##

hostname = angor-IBM
uname -m = i686
uname -r = 2.6.38-12-generic
uname -s = Linux
uname -v = #51-Ubuntu SMP Wed Sep 28 14:25:20 UTC 2011

/usr/bin/uname -p = unknown
/bin/uname -X     = unknown

/bin/arch              = unknown
/usr/bin/arch -k       = unknown
/usr/convex/getsysinfo = unknown
hostinfo               = unknown
/bin/machine           = unknown
/usr/bin/oslevel       = unknown
/bin/universe          = unknown

PATH: /usr/local/sbin
PATH: /usr/local/bin
PATH: /usr/sbin
PATH: /usr/bin
PATH: /sbin
PATH: /bin
PATH: /usr/games


## ----------- ##
## Core tests. ##
## ----------- ##

configure:1365: checking for a BSD-compatible install
configure:1420: result: /usr/bin/install -c
configure:1431: checking whether build environment is sane
configure:1474: result: yes
configure:1531: checking for gawk
configure:1560: result: no
configure:1531: checking for mawk
configure:1547: found /usr/bin/mawk
configure:1557: result: mawk
configure:1567: checking whether make sets $(MAKE)
configure:1587: result: yes
configure:1765: checking whether to enable maintainer-specific portions of Makefiles
configure:1774: result: no
configure:1796: checking build system type
configure:1814: result: i686-pc-linux-gnu
configure:1822: checking host system type
configure:1836: result: i686-pc-linux-gnu
configure:1853: checking for touch
configure:1871: found /usr/bin/touch
configure:1883: result: /usr/bin/touch
configure:1981: checking for g++
configure:1997: found /usr/bin/g++
configure:2007: result: g++
configure:2023: checking for C++ compiler version
configure:2026: g++ --version </dev/null >&5
g++ (Ubuntu/Linaro 4.5.2-8ubuntu4) 4.5.2
Copyright (C) 2010 Free Software Foundation, Inc.
This is free software; see the source for copying conditions.  There is NO
warranty; not even for MERCHANTABILITY or FITNESS FOR A PARTICULAR PURPOSE.

configure:2029: $? = 0
configure:2031: g++ -v </dev/null >&5
Using built-in specs.
COLLECT_GCC=g++
COLLECT_LTO_WRAPPER=/usr/lib/i386-linux-gnu/gcc/i686-linux-gnu/4.5.2/lto-wrapper
Target: i686-linux-gnu
Configured with: ../src/configure -v --with-pkgversion='Ubuntu/Linaro 4.5.2-8ubuntu4' --with-bugurl=file:///usr/share/doc/gcc-4.5/README.Bugs --enable-languages=c,c++,fortran,objc,obj-c++ --prefix=/usr --program-suffix=-4.5 --enable-shared --enable-multiarch --with-multiarch-defaults=i386-linux-gnu --enable-linker-build-id --with-system-zlib --libexecdir=/usr/lib/i386-linux-gnu --without-included-gettext --enable-threads=posix --with-gxx-include-dir=/usr/include/c++/4.5 --libdir=/usr/lib/i386-linux-gnu --enable-nls --with-sysroot=/ --enable-clocale=gnu --enable-libstdcxx-debug --enable-libstdcxx-time=yes --enable-plugin --enable-gold --enable-ld=default --with-plugin-ld=ld.gold --enable-objc-gc --enable-targets=all --disable-werror --with-arch-32=i686 --with-tune=generic --enable-checking=release --build=i686-linux-gnu --host=i686-linux-gnu --target=i686-linux-gnu
Thread model: posix
gcc version 4.5.2 (Ubuntu/Linaro 4.5.2-8ubuntu4) 
configure:2034: $? = 0
configure:2036: g++ -V </dev/null >&5
g++: '-V' option must have argument
configure:2039: $? = 1
configure:2062: checking for C++ compiler default output file name
configure:2065: g++ -g   conftest.cc  >&5
configure:2068: $? = 0
configure:2114: result: a.out
configure:2119: checking whether the C++ compiler works
configure:2125: ./a.out
configure:2128: $? = 0
configure:2145: result: yes
configure:2152: checking whether we are cross compiling
configure:2154: result: no
configure:2157: checking for suffix of executables
configure:2159: g++ -o conftest -g   conftest.cc  >&5
configure:2162: $? = 0
configure:2187: result: 
configure:2193: checking for suffix of object files
configure:2214: g++ -c -g  conftest.cc >&5
configure:2217: $? = 0
configure:2239: result: o
configure:2243: checking whether we are using the GNU C++ compiler
configure:2267: g++ -c -g  conftest.cc >&5
configure:2273: $? = 0
configure:2277: test -z 
			 || test ! -s conftest.err
configure:2280: $? = 0
configure:2283: test -s conftest.o
configure:2286: $? = 0
configure:2299: result: yes
configure:2305: checking whether g++ accepts -g
configure:2326: g++ -c -g  conftest.cc >&5
configure:2332: $? = 0
configure:2336: test -z 
			 || test ! -s conftest.err
configure:2339: $? = 0
configure:2342: test -s conftest.o
configure:2345: $? = 0
configure:2356: result: yes
configure:2398: g++ -c -g  conftest.cc >&5
configure:2404: $? = 0
configure:2408: test -z 
			 || test ! -s conftest.err
configure:2411: $? = 0
configure:2414: test -s conftest.o
configure:2417: $? = 0
configure:2443: g++ -c -g  conftest.cc >&5
conftest.cc: In function 'int main()':
conftest.cc:17:9: error: 'exit' was not declared in this scope
configure:2449: $? = 1
configure: failed program was:
| /* confdefs.h.  */
| 
| #define PACKAGE_NAME "jikes"
| #define PACKAGE_TARNAME "jikes"
| #define PACKAGE_VERSION "1.22"
| #define PACKAGE_STRING "jikes 1.22"
| #define PACKAGE_BUGREPORT ""
| #define PACKAGE "jikes"
| #define VERSION "1.22"
| #define JIKES_VERSION_STRING "Version 1.22 - 3 October 2004"
| #define JIKES_DEBUG 1
| /* end confdefs.h.  */
| 
| int
| main ()
| {
| exit (42);
|   ;
|   return 0;
| }
configure:2398: g++ -c -g  conftest.cc >&5
conftest.cc:13:40: error: 'void std::exit(int)' should have been declared inside 'std'
configure:2404: $? = 1
configure: failed program was:
| /* confdefs.h.  */
| 
| #define PACKAGE_NAME "jikes"
| #define PACKAGE_TARNAME "jikes"
| #define PACKAGE_VERSION "1.22"
| #define PACKAGE_STRING "jikes 1.22"
| #define PACKAGE_BUGREPORT ""
| #define PACKAGE "jikes"
| #define VERSION "1.22"
| #define JIKES_VERSION_STRING "Version 1.22 - 3 October 2004"
| #define JIKES_DEBUG 1
| /* end confdefs.h.  */
| extern "C" void std::exit (int) throw (); using std::exit;
| #include <stdlib.h>
| int
| main ()
| {
| exit (42);
|   ;
|   return 0;
| }
configure:2398: g++ -c -g  conftest.cc >&5
conftest.cc:13:31: error: 'void std::exit(int)' should have been declared inside 'std'
In file included from conftest.cc:14:0:
/usr/include/stdlib.h:544:70: error: declaration of 'void std::exit(int) throw ()' throws different exceptions
conftest.cc:13:17: error: from previous declaration 'void std::exit(int)'
configure:2404: $? = 1
configure: failed program was:
| /* confdefs.h.  */
| 
| #define PACKAGE_NAME "jikes"
| #define PACKAGE_TARNAME "jikes"
| #define PACKAGE_VERSION "1.22"
| #define PACKAGE_STRING "jikes 1.22"
| #define PACKAGE_BUGREPORT ""
| #define PACKAGE "jikes"
| #define VERSION "1.22"
| #define JIKES_VERSION_STRING "Version 1.22 - 3 October 2004"
| #define JIKES_DEBUG 1
| /* end confdefs.h.  */
| extern "C" void std::exit (int); using std::exit;
| #include <stdlib.h>
| int
| main ()
| {
| exit (42);
|   ;
|   return 0;
| }
configure:2398: g++ -c -g  conftest.cc >&5
configure:2404: $? = 0
configure:2408: test -z 
			 || test ! -s conftest.err
configure:2411: $? = 0
configure:2414: test -s conftest.o
configure:2417: $? = 0
configure:2443: g++ -c -g  conftest.cc >&5
configure:2449: $? = 0
configure:2453: test -z 
			 || test ! -s conftest.err
configure:2456: $? = 0
configure:2459: test -s conftest.o
configure:2462: $? = 0
configure:2496: checking for style of include used by make
configure:2524: result: GNU
configure:2552: checking dependency style of g++
configure:2642: result: gcc3
configure:2660: checking for Windows and DOS and OS/2 style pathnames
configure:2674: result: no
configure:2736: checking how to run the C++ preprocessor
configure:2767: g++ -E  conftest.cc
configure:2773: $? = 0
configure:2805: g++ -E  conftest.cc
conftest.cc:18:28: fatal error: ac_nonexistent.h: No such file or directory
compilation terminated.
configure:2811: $? = 1
configure: failed program was:
| /* confdefs.h.  */
| 
| #define PACKAGE_NAME "jikes"
| #define PACKAGE_TARNAME "jikes"
| #define PACKAGE_VERSION "1.22"
| #define PACKAGE_STRING "jikes 1.22"
| #define PACKAGE_BUGREPORT ""
| #define PACKAGE "jikes"
| #define VERSION "1.22"
| #define JIKES_VERSION_STRING "Version 1.22 - 3 October 2004"
| #define JIKES_DEBUG 1
| #ifdef __cplusplus
| extern "C" void exit (int) throw ();
| #endif
| #define PATH_SEPARATOR ':'
| #define UNIX_FILE_SYSTEM
| /* end confdefs.h.  */
| #include <ac_nonexistent.h>
configure:2850: result: g++ -E
configure:2874: g++ -E  conftest.cc
configure:2880: $? = 0
configure:2912: g++ -E  conftest.cc
conftest.cc:18:28: fatal error: ac_nonexistent.h: No such file or directory
compilation terminated.
configure:2918: $? = 1
configure: failed program was:
| /* confdefs.h.  */
| 
| #define PACKAGE_NAME "jikes"
| #define PACKAGE_TARNAME "jikes"
| #define PACKAGE_VERSION "1.22"
| #define PACKAGE_STRING "jikes 1.22"
| #define PACKAGE_BUGREPORT ""
| #define PACKAGE "jikes"
| #define VERSION "1.22"
| #define JIKES_VERSION_STRING "Version 1.22 - 3 October 2004"
| #define JIKES_DEBUG 1
| #ifdef __cplusplus
| extern "C" void exit (int) throw ();
| #endif
| #define PATH_SEPARATOR ':'
| #define UNIX_FILE_SYSTEM
| /* end confdefs.h.  */
| #include <ac_nonexistent.h>
configure:2962: checking for egrep
configure:2972: result: grep -E
configure:2977: checking for ANSI C header files
configure:3002: g++ -c -g  conftest.cc >&5
configure:3008: $? = 0
configure:3012: test -z 
			 || test ! -s conftest.err
configure:3015: $? = 0
configure:3018: test -s conftest.o
configure:3021: $? = 0
configure:3110: g++ -o conftest -g   conftest.cc  >&5
configure:3113: $? = 0
configure:3115: ./conftest
configure:3118: $? = 0
configure:3133: result: yes
configure:3158: checking for sys/types.h
configure:3174: g++ -c -g  conftest.cc >&5
configure:3180: $? = 0
configure:3184: test -z 
			 || test ! -s conftest.err
configure:3187: $? = 0
configure:3190: test -s conftest.o
configure:3193: $? = 0
configure:3204: result: yes
configure:3158: checking for sys/stat.h
configure:3174: g++ -c -g  conftest.cc >&5
configure:3180: $? = 0
configure:3184: test -z 
			 || test ! -s conftest.err
configure:3187: $? = 0
configure:3190: test -s conftest.o
configure:3193: $? = 0
configure:3204: result: yes
configure:3158: checking for stdlib.h
configure:3174: g++ -c -g  conftest.cc >&5
configure:3180: $? = 0
configure:3184: test -z 
			 || test ! -s conftest.err
configure:3187: $? = 0
configure:3190: test -s conftest.o
configure:3193: $? = 0
configure:3204: result: yes
configure:3158: checking for string.h
configure:3174: g++ -c -g  conftest.cc >&5
configure:3180: $? = 0
configure:3184: test -z 
			 || test ! -s conftest.err
configure:3187: $? = 0
configure:3190: test -s conftest.o
configure:3193: $? = 0
configure:3204: result: yes
configure:3158: checking for memory.h
configure:3174: g++ -c -g  conftest.cc >&5
configure:3180: $? = 0
configure:3184: test -z 
			 || test ! -s conftest.err
configure:3187: $? = 0
configure:3190: test -s conftest.o
configure:3193: $? = 0
configure:3204: result: yes
configure:3158: checking for strings.h
configure:3174: g++ -c -g  conftest.cc >&5
configure:3180: $? = 0
configure:3184: test -z 
			 || test ! -s conftest.err
configure:3187: $? = 0
configure:3190: test -s conftest.o
configure:3193: $? = 0
configure:3204: result: yes
configure:3158: checking for inttypes.h
configure:3174: g++ -c -g  conftest.cc >&5
configure:3180: $? = 0
configure:3184: test -z 
			 || test ! -s conftest.err
configure:3187: $? = 0
configure:3190: test -s conftest.o
configure:3193: $? = 0
configure:3204: result: yes
configure:3158: checking for stdint.h
configure:3174: g++ -c -g  conftest.cc >&5
configure:3180: $? = 0
configure:3184: test -z 
			 || test ! -s conftest.err
configure:3187: $? = 0
configure:3190: test -s conftest.o
configure:3193: $? = 0
configure:3204: result: yes
configure:3158: checking for unistd.h
configure:3174: g++ -c -g  conftest.cc >&5
configure:3180: $? = 0
configure:3184: test -z 
			 || test ! -s conftest.err
configure:3187: $? = 0
configure:3190: test -s conftest.o
configure:3193: $? = 0
configure:3204: result: yes
configure:3236: checking stdio.h usability
configure:3248: g++ -c -g  conftest.cc >&5
configure:3254: $? = 0
configure:3258: test -z 
			 || test ! -s conftest.err
configure:3261: $? = 0
configure:3264: test -s conftest.o
configure:3267: $? = 0
configure:3277: result: yes
configure:3281: checking stdio.h presence
configure:3291: g++ -E  conftest.cc
configure:3297: $? = 0
configure:3317: result: yes
configure:3352: checking for stdio.h
configure:3359: result: yes
configure:3236: checking assert.h usability
configure:3248: g++ -c -g  conftest.cc >&5
configure:3254: $? = 0
configure:3258: test -z 
			 || test ! -s conftest.err
configure:3261: $? = 0
configure:3264: test -s conftest.o
configure:3267: $? = 0
configure:3277: result: yes
configure:3281: checking assert.h presence
configure:3291: g++ -E  conftest.cc
configure:3297: $? = 0
configure:3317: result: yes
configure:3352: checking for assert.h
configure:3359: result: yes
configure:3236: checking errno.h usability
configure:3248: g++ -c -g  conftest.cc >&5
configure:3254: $? = 0
configure:3258: test -z 
			 || test ! -s conftest.err
configure:3261: $? = 0
configure:3264: test -s conftest.o
configure:3267: $? = 0
configure:3277: result: yes
configure:3281: checking errno.h presence
configure:3291: g++ -E  conftest.cc
configure:3297: $? = 0
configure:3317: result: yes
configure:3352: checking for errno.h
configure:3359: result: yes
configure:3236: checking limits.h usability
configure:3248: g++ -c -g  conftest.cc >&5
configure:3254: $? = 0
configure:3258: test -z 
			 || test ! -s conftest.err
configure:3261: $? = 0
configure:3264: test -s conftest.o
configure:3267: $? = 0
configure:3277: result: yes
configure:3281: checking limits.h presence
configure:3291: g++ -E  conftest.cc
configure:3297: $? = 0
configure:3317: result: yes
configure:3352: checking for limits.h
configure:3359: result: yes
configure:3236: checking ctype.h usability
configure:3248: g++ -c -g  conftest.cc >&5
configure:3254: $? = 0
configure:3258: test -z 
			 || test ! -s conftest.err
configure:3261: $? = 0
configure:3264: test -s conftest.o
configure:3267: $? = 0
configure:3277: result: yes
configure:3281: checking ctype.h presence
configure:3291: g++ -E  conftest.cc
configure:3297: $? = 0
configure:3317: result: yes
configure:3352: checking for ctype.h
configure:3359: result: yes
configure:3236: checking time.h usability
configure:3248: g++ -c -g  conftest.cc >&5
configure:3254: $? = 0
configure:3258: test -z 
			 || test ! -s conftest.err
configure:3261: $? = 0
configure:3264: test -s conftest.o
configure:3267: $? = 0
configure:3277: result: yes
configure:3281: checking time.h presence
configure:3291: g++ -E  conftest.cc
configure:3297: $? = 0
configure:3317: result: yes
configure:3352: checking for time.h
configure:3359: result: yes
configure:3236: checking float.h usability
configure:3248: g++ -c -g  conftest.cc >&5
configure:3254: $? = 0
configure:3258: test -z 
			 || test ! -s conftest.err
configure:3261: $? = 0
configure:3264: test -s conftest.o
configure:3267: $? = 0
configure:3277: result: yes
configure:3281: checking float.h presence
configure:3291: g++ -E  conftest.cc
configure:3297: $? = 0
configure:3317: result: yes
configure:3352: checking for float.h
configure:3359: result: yes
configure:3391: checking windows.h usability
configure:3403: g++ -c -g  conftest.cc >&5
conftest.cc:69:21: fatal error: windows.h: No such file or directory
compilation terminated.
configure:3409: $? = 1
configure: failed program was:
| /* confdefs.h.  */
| 
| #define PACKAGE_NAME "jikes"
| #define PACKAGE_TARNAME "jikes"
| #define PACKAGE_VERSION "1.22"
| #define PACKAGE_STRING "jikes 1.22"
| #define PACKAGE_BUGREPORT ""
| #define PACKAGE "jikes"
| #define VERSION "1.22"
| #define JIKES_VERSION_STRING "Version 1.22 - 3 October 2004"
| #define JIKES_DEBUG 1
| #ifdef __cplusplus
| extern "C" void exit (int) throw ();
| #endif
| #define PATH_SEPARATOR ':'
| #define UNIX_FILE_SYSTEM
| #define STDC_HEADERS 1
| #define HAVE_SYS_TYPES_H 1
| #define HAVE_SYS_STAT_H 1
| #define HAVE_STDLIB_H 1
| #define HAVE_STRING_H 1
| #define HAVE_MEMORY_H 1
| #define HAVE_STRINGS_H 1
| #define HAVE_INTTYPES_H 1
| #define HAVE_STDINT_H 1
| #define HAVE_UNISTD_H 1
| #define HAVE_STDIO_H 1
| #define HAVE_ASSERT_H 1
| #define HAVE_ERRNO_H 1
| #define HAVE_LIMITS_H 1
| #define HAVE_CTYPE_H 1
| #define HAVE_TIME_H 1
| #define HAVE_FLOAT_H 1
| /* end confdefs.h.  */
| #include <stdio.h>
| #if HAVE_SYS_TYPES_H
| # include <sys/types.h>
| #endif
| #if HAVE_SYS_STAT_H
| # include <sys/stat.h>
| #endif
| #if STDC_HEADERS
| # include <stdlib.h>
| # include <stddef.h>
| #else
| # if HAVE_STDLIB_H
| #  include <stdlib.h>
| # endif
| #endif
| #if HAVE_STRING_H
| # if !STDC_HEADERS && HAVE_MEMORY_H
| #  include <memory.h>
| # endif
| # include <string.h>
| #endif
| #if HAVE_STRINGS_H
| # include <strings.h>
| #endif
| #if HAVE_INTTYPES_H
| # include <inttypes.h>
| #else
| # if HAVE_STDINT_H
| #  include <stdint.h>
| # endif
| #endif
| #if HAVE_UNISTD_H
| # include <unistd.h>
| #endif
| #include <windows.h>
configure:3432: result: no
configure:3436: checking windows.h presence
configure:3446: g++ -E  conftest.cc
conftest.cc:35:21: fatal error: windows.h: No such file or directory
compilation terminated.
configure:3452: $? = 1
configure: failed program was:
| /* confdefs.h.  */
| 
| #define PACKAGE_NAME "jikes"
| #define PACKAGE_TARNAME "jikes"
| #define PACKAGE_VERSION "1.22"
| #define PACKAGE_STRING "jikes 1.22"
| #define PACKAGE_BUGREPORT ""
| #define PACKAGE "jikes"
| #define VERSION "1.22"
| #define JIKES_VERSION_STRING "Version 1.22 - 3 October 2004"
| #define JIKES_DEBUG 1
| #ifdef __cplusplus
| extern "C" void exit (int) throw ();
| #endif
| #define PATH_SEPARATOR ':'
| #define UNIX_FILE_SYSTEM
| #define STDC_HEADERS 1
| #define HAVE_SYS_TYPES_H 1
| #define HAVE_SYS_STAT_H 1
| #define HAVE_STDLIB_H 1
| #define HAVE_STRING_H 1
| #define HAVE_MEMORY_H 1
| #define HAVE_STRINGS_H 1
| #define HAVE_INTTYPES_H 1
| #define HAVE_STDINT_H 1
| #define HAVE_UNISTD_H 1
| #define HAVE_STDIO_H 1
| #define HAVE_ASSERT_H 1
| #define HAVE_ERRNO_H 1
| #define HAVE_LIMITS_H 1
| #define HAVE_CTYPE_H 1
| #define HAVE_TIME_H 1
| #define HAVE_FLOAT_H 1
| /* end confdefs.h.  */
| #include <windows.h>
configure:3472: result: no
configure:3507: checking for windows.h
configure:3514: result: no
configure:3391: checking direct.h usability
configure:3403: g++ -c -g  conftest.cc >&5
conftest.cc:69:20: fatal error: direct.h: No such file or directory
compilation terminated.
configure:3409: $? = 1
configure: failed program was:
| /* confdefs.h.  */
| 
| #define PACKAGE_NAME "jikes"
| #define PACKAGE_TARNAME "jikes"
| #define PACKAGE_VERSION "1.22"
| #define PACKAGE_STRING "jikes 1.22"
| #define PACKAGE_BUGREPORT ""
| #define PACKAGE "jikes"
| #define VERSION "1.22"
| #define JIKES_VERSION_STRING "Version 1.22 - 3 October 2004"
| #define JIKES_DEBUG 1
| #ifdef __cplusplus
| extern "C" void exit (int) throw ();
| #endif
| #define PATH_SEPARATOR ':'
| #define UNIX_FILE_SYSTEM
| #define STDC_HEADERS 1
| #define HAVE_SYS_TYPES_H 1
| #define HAVE_SYS_STAT_H 1
| #define HAVE_STDLIB_H 1
| #define HAVE_STRING_H 1
| #define HAVE_MEMORY_H 1
| #define HAVE_STRINGS_H 1
| #define HAVE_INTTYPES_H 1
| #define HAVE_STDINT_H 1
| #define HAVE_UNISTD_H 1
| #define HAVE_STDIO_H 1
| #define HAVE_ASSERT_H 1
| #define HAVE_ERRNO_H 1
| #define HAVE_LIMITS_H 1
| #define HAVE_CTYPE_H 1
| #define HAVE_TIME_H 1
| #define HAVE_FLOAT_H 1
| /* end confdefs.h.  */
| #include <stdio.h>
| #if HAVE_SYS_TYPES_H
| # include <sys/types.h>
| #endif
| #if HAVE_SYS_STAT_H
| # include <sys/stat.h>
| #endif
| #if STDC_HEADERS
| # include <stdlib.h>
| # include <stddef.h>
| #else
| # if HAVE_STDLIB_H
| #  include <stdlib.h>
| # endif
| #endif
| #if HAVE_STRING_H
| # if !STDC_HEADERS && HAVE_MEMORY_H
| #  include <memory.h>
| # endif
| # include <string.h>
| #endif
| #if HAVE_STRINGS_H
| # include <strings.h>
| #endif
| #if HAVE_INTTYPES_H
| # include <inttypes.h>
| #else
| # if HAVE_STDINT_H
| #  include <stdint.h>
| # endif
| #endif
| #if HAVE_UNISTD_H
| # include <unistd.h>
| #endif
| #include <direct.h>
configure:3432: result: no
configure:3436: checking direct.h presence
configure:3446: g++ -E  conftest.cc
conftest.cc:35:20: fatal error: direct.h: No such file or directory
compilation terminated.
configure:3452: $? = 1
configure: failed program was:
| /* confdefs.h.  */
| 
| #define PACKAGE_NAME "jikes"
| #define PACKAGE_TARNAME "jikes"
| #define PACKAGE_VERSION "1.22"
| #define PACKAGE_STRING "jikes 1.22"
| #define PACKAGE_BUGREPORT ""
| #define PACKAGE "jikes"
| #define VERSION "1.22"
| #define JIKES_VERSION_STRING "Version 1.22 - 3 October 2004"
| #define JIKES_DEBUG 1
| #ifdef __cplusplus
| extern "C" void exit (int) throw ();
| #endif
| #define PATH_SEPARATOR ':'
| #define UNIX_FILE_SYSTEM
| #define STDC_HEADERS 1
| #define HAVE_SYS_TYPES_H 1
| #define HAVE_SYS_STAT_H 1
| #define HAVE_STDLIB_H 1
| #define HAVE_STRING_H 1
| #define HAVE_MEMORY_H 1
| #define HAVE_STRINGS_H 1
| #define HAVE_INTTYPES_H 1
| #define HAVE_STDINT_H 1
| #define HAVE_UNISTD_H 1
| #define HAVE_STDIO_H 1
| #define HAVE_ASSERT_H 1
| #define HAVE_ERRNO_H 1
| #define HAVE_LIMITS_H 1
| #define HAVE_CTYPE_H 1
| #define HAVE_TIME_H 1
| #define HAVE_FLOAT_H 1
| /* end confdefs.h.  */
| #include <direct.h>
configure:3472: result: no
configure:3507: checking for direct.h
configure:3514: result: no
configure:3391: checking dirent.h usability
configure:3403: g++ -c -g  conftest.cc >&5
configure:3409: $? = 0
configure:3413: test -z 
			 || test ! -s conftest.err
configure:3416: $? = 0
configure:3419: test -s conftest.o
configure:3422: $? = 0
configure:3432: result: yes
configure:3436: checking dirent.h presence
configure:3446: g++ -E  conftest.cc
configure:3452: $? = 0
configure:3472: result: yes
configure:3507: checking for dirent.h
configure:3514: result: yes
configure:3391: checking sys/cygwin.h usability
configure:3403: g++ -c -g  conftest.cc >&5
conftest.cc:70:24: fatal error: sys/cygwin.h: No such file or directory
compilation terminated.
configure:3409: $? = 1
configure: failed program was:
| /* confdefs.h.  */
| 
| #define PACKAGE_NAME "jikes"
| #define PACKAGE_TARNAME "jikes"
| #define PACKAGE_VERSION "1.22"
| #define PACKAGE_STRING "jikes 1.22"
| #define PACKAGE_BUGREPORT ""
| #define PACKAGE "jikes"
| #define VERSION "1.22"
| #define JIKES_VERSION_STRING "Version 1.22 - 3 October 2004"
| #define JIKES_DEBUG 1
| #ifdef __cplusplus
| extern "C" void exit (int) throw ();
| #endif
| #define PATH_SEPARATOR ':'
| #define UNIX_FILE_SYSTEM
| #define STDC_HEADERS 1
| #define HAVE_SYS_TYPES_H 1
| #define HAVE_SYS_STAT_H 1
| #define HAVE_STDLIB_H 1
| #define HAVE_STRING_H 1
| #define HAVE_MEMORY_H 1
| #define HAVE_STRINGS_H 1
| #define HAVE_INTTYPES_H 1
| #define HAVE_STDINT_H 1
| #define HAVE_UNISTD_H 1
| #define HAVE_STDIO_H 1
| #define HAVE_ASSERT_H 1
| #define HAVE_ERRNO_H 1
| #define HAVE_LIMITS_H 1
| #define HAVE_CTYPE_H 1
| #define HAVE_TIME_H 1
| #define HAVE_FLOAT_H 1
| #define HAVE_DIRENT_H 1
| /* end confdefs.h.  */
| #include <stdio.h>
| #if HAVE_SYS_TYPES_H
| # include <sys/types.h>
| #endif
| #if HAVE_SYS_STAT_H
| # include <sys/stat.h>
| #endif
| #if STDC_HEADERS
| # include <stdlib.h>
| # include <stddef.h>
| #else
| # if HAVE_STDLIB_H
| #  include <stdlib.h>
| # endif
| #endif
| #if HAVE_STRING_H
| # if !STDC_HEADERS && HAVE_MEMORY_H
| #  include <memory.h>
| # endif
| # include <string.h>
| #endif
| #if HAVE_STRINGS_H
| # include <strings.h>
| #endif
| #if HAVE_INTTYPES_H
| # include <inttypes.h>
| #else
| # if HAVE_STDINT_H
| #  include <stdint.h>
| # endif
| #endif
| #if HAVE_UNISTD_H
| # include <unistd.h>
| #endif
| #include <sys/cygwin.h>
configure:3432: result: no
configure:3436: checking sys/cygwin.h presence
configure:3446: g++ -E  conftest.cc
conftest.cc:36:24: fatal error: sys/cygwin.h: No such file or directory
compilation terminated.
configure:3452: $? = 1
configure: failed program was:
| /* confdefs.h.  */
| 
| #define PACKAGE_NAME "jikes"
| #define PACKAGE_TARNAME "jikes"
| #define PACKAGE_VERSION "1.22"
| #define PACKAGE_STRING "jikes 1.22"
| #define PACKAGE_BUGREPORT ""
| #define PACKAGE "jikes"
| #define VERSION "1.22"
| #define JIKES_VERSION_STRING "Version 1.22 - 3 October 2004"
| #define JIKES_DEBUG 1
| #ifdef __cplusplus
| extern "C" void exit (int) throw ();
| #endif
| #define PATH_SEPARATOR ':'
| #define UNIX_FILE_SYSTEM
| #define STDC_HEADERS 1
| #define HAVE_SYS_TYPES_H 1
| #define HAVE_SYS_STAT_H 1
| #define HAVE_STDLIB_H 1
| #define HAVE_STRING_H 1
| #define HAVE_MEMORY_H 1
| #define HAVE_STRINGS_H 1
| #define HAVE_INTTYPES_H 1
| #define HAVE_STDINT_H 1
| #define HAVE_UNISTD_H 1
| #define HAVE_STDIO_H 1
| #define HAVE_ASSERT_H 1
| #define HAVE_ERRNO_H 1
| #define HAVE_LIMITS_H 1
| #define HAVE_CTYPE_H 1
| #define HAVE_TIME_H 1
| #define HAVE_FLOAT_H 1
| #define HAVE_DIRENT_H 1
| /* end confdefs.h.  */
| #include <sys/cygwin.h>
configure:3472: result: no
configure:3507: checking for sys/cygwin.h
configure:3514: result: no
configure:3391: checking locale.h usability
configure:3403: g++ -c -g  conftest.cc >&5
configure:3409: $? = 0
configure:3413: test -z 
			 || test ! -s conftest.err
configure:3416: $? = 0
configure:3419: test -s conftest.o
configure:3422: $? = 0
configure:3432: result: yes
configure:3436: checking locale.h presence
configure:3446: g++ -E  conftest.cc
configure:3452: $? = 0
configure:3472: result: yes
configure:3507: checking for locale.h
configure:3514: result: yes
configure:3543: checking math.h usability
configure:3555: g++ -c -g  conftest.cc >&5
configure:3561: $? = 0
configure:3565: test -z 
			 || test ! -s conftest.err
configure:3568: $? = 0
configure:3571: test -s conftest.o
configure:3574: $? = 0
configure:3584: result: yes
configure:3588: checking math.h presence
configure:3598: g++ -E  conftest.cc
configure:3604: $? = 0
configure:3624: result: yes
configure:3659: checking for math.h
configure:3666: result: yes
configure:3679: checking for library containing cos
configure:3709: g++ -o conftest -g   conftest.cc  >&5
configure:3715: $? = 0
configure:3719: test -z 
			 || test ! -s conftest.err
configure:3722: $? = 0
configure:3725: test -s conftest
configure:3728: $? = 0
configure:3798: result: none required
configure:3808: checking whether the compiler implements namespaces
configure:3835: g++ -c -g  conftest.cc >&5
configure:3841: $? = 0
configure:3845: test -z 
			 || test ! -s conftest.err
configure:3848: $? = 0
configure:3851: test -s conftest.o
configure:3854: $? = 0
configure:3872: result: yes
configure:3882: checking whether the compiler supports ISO C++ standard library
configure:3910: g++ -c -g  conftest.cc >&5
configure:3916: $? = 0
configure:3920: test -z 
			 || test ! -s conftest.err
configure:3923: $? = 0
configure:3926: test -s conftest.o
configure:3929: $? = 0
configure:3947: result: yes
configure:3958: checking whether the compiler recognizes bool as a built-in type
configure:3989: g++ -c -g  conftest.cc >&5
configure:3995: $? = 0
configure:3999: test -z 
			 || test ! -s conftest.err
configure:4002: $? = 0
configure:4005: test -s conftest.o
configure:4008: $? = 0
configure:4025: result: yes
configure:4038: checking for VC++ style set_new_handler
configure:4076: g++ -o conftest -g   conftest.cc  >&5
conftest.cc: In function 'int main()':
conftest.cc:55:30: error: '_set_new_handler' was not declared in this scope
configure:4082: $? = 1
configure: failed program was:
| /* confdefs.h.  */
| 
| #define PACKAGE_NAME "jikes"
| #define PACKAGE_TARNAME "jikes"
| #define PACKAGE_VERSION "1.22"
| #define PACKAGE_STRING "jikes 1.22"
| #define PACKAGE_BUGREPORT ""
| #define PACKAGE "jikes"
| #define VERSION "1.22"
| #define JIKES_VERSION_STRING "Version 1.22 - 3 October 2004"
| #define JIKES_DEBUG 1
| #ifdef __cplusplus
| extern "C" void exit (int) throw ();
| #endif
| #define PATH_SEPARATOR ':'
| #define UNIX_FILE_SYSTEM
| #define STDC_HEADERS 1
| #define HAVE_SYS_TYPES_H 1
| #define HAVE_SYS_STAT_H 1
| #define HAVE_STDLIB_H 1
| #define HAVE_STRING_H 1
| #define HAVE_MEMORY_H 1
| #define HAVE_STRINGS_H 1
| #define HAVE_INTTYPES_H 1
| #define HAVE_STDINT_H 1
| #define HAVE_UNISTD_H 1
| #define HAVE_STDIO_H 1
| #define HAVE_ASSERT_H 1
| #define HAVE_ERRNO_H 1
| #define HAVE_LIMITS_H 1
| #define HAVE_CTYPE_H 1
| #define HAVE_TIME_H 1
| #define HAVE_FLOAT_H 1
| #define HAVE_DIRENT_H 1
| #define HAVE_LOCALE_H 1
| #define HAVE_MATH_H 1
| #define HAVE_NAMESPACES 1
| #define HAVE_STD
| #define HAVE_BOOL
| /* end confdefs.h.  */
| 
| #ifdef HAVE_STD
| # include <new>
| # ifdef HAVE_NAMESPACES
|     using namespace std;
| # endif
| #else
| # include <new.h>
| #endif
| int OutOfMemory(size_t) { return 0; }
| 
| int
| main ()
| {
|  _set_new_handler(OutOfMemory);
|   ;
|   return 0;
| }
configure:4114: result: no
configure:4124: checking for standard set_new_handler
configure:4147: g++ -o conftest -g   conftest.cc  >&5
configure:4153: $? = 0
configure:4157: test -z 
			 || test ! -s conftest.err
configure:4160: $? = 0
configure:4163: test -s conftest
configure:4166: $? = 0
configure:4178: result: yes
configure:4190: checking for compiler error on discard of const qualifier
configure:4207: g++ -c -g  conftest.cc >&5
conftest.cc: In function 'const char* const_foo(const char*)':
conftest.cc:43:58: error: invalid conversion from 'const char*' to 'char*'
conftest.cc:43:58: error:   initializing argument 1 of 'char* foo(char*)'
configure:4213: $? = 1
configure: failed program was:
| /* confdefs.h.  */
| 
| #define PACKAGE_NAME "jikes"
| #define PACKAGE_TARNAME "jikes"
| #define PACKAGE_VERSION "1.22"
| #define PACKAGE_STRING "jikes 1.22"
| #define PACKAGE_BUGREPORT ""
| #define PACKAGE "jikes"
| #define VERSION "1.22"
| #define JIKES_VERSION_STRING "Version 1.22 - 3 October 2004"
| #define JIKES_DEBUG 1
| #ifdef __cplusplus
| extern "C" void exit (int) throw ();
| #endif
| #define PATH_SEPARATOR ':'
| #define UNIX_FILE_SYSTEM
| #define STDC_HEADERS 1
| #define HAVE_SYS_TYPES_H 1
| #define HAVE_SYS_STAT_H 1
| #define HAVE_STDLIB_H 1
| #define HAVE_STRING_H 1
| #define HAVE_MEMORY_H 1
| #define HAVE_STRINGS_H 1
| #define HAVE_INTTYPES_H 1
| #define HAVE_STDINT_H 1
| #define HAVE_UNISTD_H 1
| #define HAVE_STDIO_H 1
| #define HAVE_ASSERT_H 1
| #define HAVE_ERRNO_H 1
| #define HAVE_LIMITS_H 1
| #define HAVE_CTYPE_H 1
| #define HAVE_TIME_H 1
| #define HAVE_FLOAT_H 1
| #define HAVE_DIRENT_H 1
| #define HAVE_LOCALE_H 1
| #define HAVE_MATH_H 1
| #define HAVE_NAMESPACES 1
| #define HAVE_STD
| #define HAVE_BOOL
| /* end confdefs.h.  */
| 
| char * foo(char * arg) { return arg; }
| const char * const_foo(const char * arg) { return foo(arg); }
| 
configure:4238: result: yes
configure:4265: checking wchar.h usability
configure:4277: g++ -c -g  conftest.cc >&5
configure:4283: $? = 0
configure:4287: test -z 
			 || test ! -s conftest.err
configure:4290: $? = 0
configure:4293: test -s conftest.o
configure:4296: $? = 0
configure:4306: result: yes
configure:4310: checking wchar.h presence
configure:4320: g++ -E  conftest.cc
configure:4326: $? = 0
configure:4346: result: yes
configure:4381: checking for wchar.h
configure:4388: result: yes
configure:4256: checking for string.h
configure:4261: result: yes
configure:4256: checking for strings.h
configure:4261: result: yes
configure:4256: checking for memory.h
configure:4261: result: yes
configure:4411: checking for wcslen
configure:4468: g++ -o conftest -g   conftest.cc  >&5
configure:4474: $? = 0
configure:4478: test -z 
			 || test ! -s conftest.err
configure:4481: $? = 0
configure:4484: test -s conftest
configure:4487: $? = 0
configure:4499: result: yes
configure:4411: checking for wcscpy
configure:4468: g++ -o conftest -g   conftest.cc  >&5
configure:4474: $? = 0
configure:4478: test -z 
			 || test ! -s conftest.err
configure:4481: $? = 0
configure:4484: test -s conftest
configure:4487: $? = 0
configure:4499: result: yes
configure:4411: checking for wcsncpy
configure:4468: g++ -o conftest -g   conftest.cc  >&5
configure:4474: $? = 0
configure:4478: test -z 
			 || test ! -s conftest.err
configure:4481: $? = 0
configure:4484: test -s conftest
configure:4487: $? = 0
configure:4499: result: yes
configure:4411: checking for wcscat
configure:4468: g++ -o conftest -g   conftest.cc  >&5
configure:4474: $? = 0
configure:4478: test -z 
			 || test ! -s conftest.err
configure:4481: $? = 0
configure:4484: test -s conftest
configure:4487: $? = 0
configure:4499: result: yes
configure:4411: checking for wcscmp
configure:4468: g++ -o conftest -g   conftest.cc  >&5
configure:4474: $? = 0
configure:4478: test -z 
			 || test ! -s conftest.err
configure:4481: $? = 0
configure:4484: test -s conftest
configure:4487: $? = 0
configure:4499: result: yes
configure:4411: checking for wcsncmp
configure:4468: g++ -o conftest -g   conftest.cc  >&5
configure:4474: $? = 0
configure:4478: test -z 
			 || test ! -s conftest.err
configure:4481: $? = 0
configure:4484: test -s conftest
configure:4487: $? = 0
configure:4499: result: yes
configure:4528: checking for wint_t
configure:4553: g++ -c -g  conftest.cc >&5
configure:4559: $? = 0
configure:4563: test -z 
			 || test ! -s conftest.err
configure:4566: $? = 0
configure:4569: test -s conftest.o
configure:4572: $? = 0
configure:4583: result: yes
configure:4600: checking call wcslen
configure:4621: g++ -c -g  conftest.cc >&5
configure:4627: $? = 0
configure:4631: test -z 
			 || test ! -s conftest.err
configure:4634: $? = 0
configure:4637: test -s conftest.o
configure:4640: $? = 0
configure:4652: result: yes
configure:4656: checking for error calling wcslen with const argument
configure:4680: g++ -c -g  conftest.cc >&5
configure:4686: $? = 0
configure:4690: test -z 
			 || test ! -s conftest.err
configure:4693: $? = 0
configure:4696: test -s conftest.o
configure:4699: $? = 0
configure:4711: result: no
configure:4790: checking for presence of ostream << const unsigned char *
configure:4812: g++ -c -g  conftest.cc >&5
configure:4818: $? = 0
configure:4822: test -z 
			 || test ! -s conftest.err
configure:4825: $? = 0
configure:4828: test -s conftest.o
configure:4831: $? = 0
configure:4843: result: yes
configure:4923: checking iconv.h usability
configure:4935: g++ -c -g  conftest.cc >&5
configure:4941: $? = 0
configure:4945: test -z 
			 || test ! -s conftest.err
configure:4948: $? = 0
configure:4951: test -s conftest.o
configure:4954: $? = 0
configure:4964: result: yes
configure:4968: checking iconv.h presence
configure:4978: g++ -E  conftest.cc
configure:4984: $? = 0
configure:5004: result: yes
configure:5039: checking for iconv.h
configure:5046: result: yes
configure:5061: checking for library containing iconv
configure:5091: g++ -o conftest -g   conftest.cc  >&5
configure:5097: $? = 0
configure:5101: test -z 
			 || test ! -s conftest.err
configure:5104: $? = 0
configure:5107: test -s conftest
configure:5110: $? = 0
configure:5180: result: none required
configure:5188: checking for library containing libiconv_open
configure:5218: g++ -o conftest -g   conftest.cc  >&5
/tmp/cc7eY5sr.o: In function `main':
/home/angor/Applications/pinot/conftest.cc:66: undefined reference to `libiconv_open'
collect2: ld returned 1 exit status
configure:5224: $? = 1
configure: failed program was:
| /* confdefs.h.  */
| 
| #define PACKAGE_NAME "jikes"
| #define PACKAGE_TARNAME "jikes"
| #define PACKAGE_VERSION "1.22"
| #define PACKAGE_STRING "jikes 1.22"
| #define PACKAGE_BUGREPORT ""
| #define PACKAGE "jikes"
| #define VERSION "1.22"
| #define JIKES_VERSION_STRING "Version 1.22 - 3 October 2004"
| #define JIKES_DEBUG 1
| #ifdef __cplusplus
| extern "C" void exit (int) throw ();
| #endif
| #define PATH_SEPARATOR ':'
| #define UNIX_FILE_SYSTEM
| #define STDC_HEADERS 1
| #define HAVE_SYS_TYPES_H 1
| #define HAVE_SYS_STAT_H 1
| #define HAVE_STDLIB_H 1
| #define HAVE_STRING_H 1
| #define HAVE_MEMORY_H 1
| #define HAVE_STRINGS_H 1
| #define HAVE_INTTYPES_H 1
| #define HAVE_STDINT_H 1
| #define HAVE_UNISTD_H 1
| #define HAVE_STDIO_H 1
| #define HAVE_ASSERT_H 1
| #define HAVE_ERRNO_H 1
| #define HAVE_LIMITS_H 1
| #define HAVE_CTYPE_H 1
| #define HAVE_TIME_H 1
| #define HAVE_FLOAT_H 1
| #define HAVE_DIRENT_H 1
| #define HAVE_LOCALE_H 1
| #define HAVE_MATH_H 1
| #define HAVE_NAMESPACES 1
| #define HAVE_STD
| #define HAVE_BOOL
| #define HAVE_ERROR_DISCARD_CONST
| #define HAVE_WCHAR_H 1
| #define HAVE_STRING_H 1
| #define HAVE_STRINGS_H 1
| #define HAVE_MEMORY_H 1
| #define HAVE_WCSLEN 1
| #define HAVE_WCSCPY 1
| #define HAVE_WCSNCPY 1
| #define HAVE_WCSCAT 1
| #define HAVE_WCSCMP 1
| #define HAVE_WCSNCMP 1
| #define HAVE_WINT_T 1
| #define HAVE_OSTREAM_CONST_UNSIGNED_CHAR_PTR
| #define HAVE_ICONV_H 1
| /* end confdefs.h.  */
| 
| /* Override any gcc2 internal prototype to avoid an error.  */
| #ifdef __cplusplus
| extern "C"
| #endif
| /* We use char because int might match the return type of a gcc2
|    builtin and then its argument prototype would still apply.  */
| char libiconv_open ();
| int
| main ()
| {
| libiconv_open ();
|   ;
|   return 0;
| }
configure:5273: g++ -o conftest -g   conftest.cc -liconv   >&5
/usr/bin/ld: cannot find -liconv
collect2: ld returned 1 exit status
configure:5279: $? = 1
configure: failed program was:
| /* confdefs.h.  */
| 
| #define PACKAGE_NAME "jikes"
| #define PACKAGE_TARNAME "jikes"
| #define PACKAGE_VERSION "1.22"
| #define PACKAGE_STRING "jikes 1.22"
| #define PACKAGE_BUGREPORT ""
| #define PACKAGE "jikes"
| #define VERSION "1.22"
| #define JIKES_VERSION_STRING "Version 1.22 - 3 October 2004"
| #define JIKES_DEBUG 1
| #ifdef __cplusplus
| extern "C" void exit (int) throw ();
| #endif
| #define PATH_SEPARATOR ':'
| #define UNIX_FILE_SYSTEM
| #define STDC_HEADERS 1
| #define HAVE_SYS_TYPES_H 1
| #define HAVE_SYS_STAT_H 1
| #define HAVE_STDLIB_H 1
| #define HAVE_STRING_H 1
| #define HAVE_MEMORY_H 1
| #define HAVE_STRINGS_H 1
| #define HAVE_INTTYPES_H 1
| #define HAVE_STDINT_H 1
| #define HAVE_UNISTD_H 1
| #define HAVE_STDIO_H 1
| #define HAVE_ASSERT_H 1
| #define HAVE_ERRNO_H 1
| #define HAVE_LIMITS_H 1
| #define HAVE_CTYPE_H 1
| #define HAVE_TIME_H 1
| #define HAVE_FLOAT_H 1
| #define HAVE_DIRENT_H 1
| #define HAVE_LOCALE_H 1
| #define HAVE_MATH_H 1
| #define HAVE_NAMESPACES 1
| #define HAVE_STD
| #define HAVE_BOOL
| #define HAVE_ERROR_DISCARD_CONST
| #define HAVE_WCHAR_H 1
| #define HAVE_STRING_H 1
| #define HAVE_STRINGS_H 1
| #define HAVE_MEMORY_H 1
| #define HAVE_WCSLEN 1
| #define HAVE_WCSCPY 1
| #define HAVE_WCSNCPY 1
| #define HAVE_WCSCAT 1
| #define HAVE_WCSCMP 1
| #define HAVE_WCSNCMP 1
| #define HAVE_WINT_T 1
| #define HAVE_OSTREAM_CONST_UNSIGNED_CHAR_PTR
| #define HAVE_ICONV_H 1
| /* end confdefs.h.  */
| 
| /* Override any gcc2 internal prototype to avoid an error.  */
| #ifdef __cplusplus
| extern "C"
| #endif
| /* We use char because int might match the return type of a gcc2
|    builtin and then its argument prototype would still apply.  */
| char libiconv_open ();
| int
| main ()
| {
| libiconv_open ();
|   ;
|   return 0;
| }
configure:5307: result: no
configure:5333: checking simple call to iconv
configure:5355: g++ -c -g  conftest.cc >&5
configure:5361: $? = 0
configure:5365: test -z 
			 || test ! -s conftest.err
configure:5368: $? = 0
configure:5371: test -s conftest.o
configure:5374: $? = 0
configure:5386: result: yes
configure:5389: checking for error calling iconv with const 2nd argument
configure:5413: g++ -c -g  conftest.cc >&5
conftest.cc: In function 'int main()':
conftest.cc:77:29: error: invalid conversion from 'const char**' to 'char**'
conftest.cc:77:29: error:   initializing argument 2 of 'size_t iconv(void*, char**, size_t*, char**, size_t*)'
configure:5419: $? = 1
configure: failed program was:
| /* confdefs.h.  */
| 
| #define PACKAGE_NAME "jikes"
| #define PACKAGE_TARNAME "jikes"
| #define PACKAGE_VERSION "1.22"
| #define PACKAGE_STRING "jikes 1.22"
| #define PACKAGE_BUGREPORT ""
| #define PACKAGE "jikes"
| #define VERSION "1.22"
| #define JIKES_VERSION_STRING "Version 1.22 - 3 October 2004"
| #define JIKES_DEBUG 1
| #ifdef __cplusplus
| extern "C" void exit (int) throw ();
| #endif
| #define PATH_SEPARATOR ':'
| #define UNIX_FILE_SYSTEM
| #define STDC_HEADERS 1
| #define HAVE_SYS_TYPES_H 1
| #define HAVE_SYS_STAT_H 1
| #define HAVE_STDLIB_H 1
| #define HAVE_STRING_H 1
| #define HAVE_MEMORY_H 1
| #define HAVE_STRINGS_H 1
| #define HAVE_INTTYPES_H 1
| #define HAVE_STDINT_H 1
| #define HAVE_UNISTD_H 1
| #define HAVE_STDIO_H 1
| #define HAVE_ASSERT_H 1
| #define HAVE_ERRNO_H 1
| #define HAVE_LIMITS_H 1
| #define HAVE_CTYPE_H 1
| #define HAVE_TIME_H 1
| #define HAVE_FLOAT_H 1
| #define HAVE_DIRENT_H 1
| #define HAVE_LOCALE_H 1
| #define HAVE_MATH_H 1
| #define HAVE_NAMESPACES 1
| #define HAVE_STD
| #define HAVE_BOOL
| #define HAVE_ERROR_DISCARD_CONST
| #define HAVE_WCHAR_H 1
| #define HAVE_STRING_H 1
| #define HAVE_STRINGS_H 1
| #define HAVE_MEMORY_H 1
| #define HAVE_WCSLEN 1
| #define HAVE_WCSCPY 1
| #define HAVE_WCSNCPY 1
| #define HAVE_WCSCAT 1
| #define HAVE_WCSCMP 1
| #define HAVE_WCSNCMP 1
| #define HAVE_WINT_T 1
| #define HAVE_OSTREAM_CONST_UNSIGNED_CHAR_PTR
| #define HAVE_ICONV_H 1
| /* end confdefs.h.  */
| 
| #ifdef HAVE_STRING_H
| # if !STDC_HEADERS && HAVE_MEMORY_H
| #  include <memory.h>
| # endif
| # include <string.h>
| #else
| # ifdef HAVE_STRINGS_H
| #  include <strings.h>
| # endif
| #endif
| #ifdef HAVE_WCHAR_H
| # include <wchar.h>
| #endif
| #ifdef HAVE_ICONV_H
| # include <iconv.h>
| #endif
| int
| main ()
| {
| 
| const char ** s = NULL;
| iconv(0, s, NULL, NULL, NULL);
| 
|   ;
|   return 0;
| }
configure:5444: result: yes
configure:5454: checking fix for calling iconv with non const argument
configure:5482: g++ -c -g  conftest.cc >&5
configure:5488: $? = 0
configure:5492: test -z 
			 || test ! -s conftest.err
configure:5495: $? = 0
configure:5498: test -s conftest.o
configure:5501: $? = 0
configure:5515: result: yes
configure:5520: checking for wchar_t
configure:5544: g++ -c -g  conftest.cc >&5
configure:5550: $? = 0
configure:5554: test -z 
			 || test ! -s conftest.err
configure:5557: $? = 0
configure:5560: test -s conftest.o
configure:5563: $? = 0
configure:5574: result: yes
configure:5577: checking size of wchar_t
configure:5896: g++ -o conftest -g   conftest.cc  >&5
configure:5899: $? = 0
configure:5901: ./conftest
configure:5904: $? = 0
configure:5927: result: 4
configure:5963: checking wchar_t as an encoding
configure:6046: g++ -o conftest -g   conftest.cc  >&5
configure:6049: $? = 0
configure:6051: ./conftest
configure:6054: $? = 0
configure:6057: result: wchar_t
configure:6235: checking for u_getVersion in -licu-uc
configure:6265: g++ -o conftest -g   conftest.cc -licu-uc   >&5
/usr/bin/ld: cannot find -licu-uc
collect2: ld returned 1 exit status
configure:6271: $? = 1
configure: failed program was:
| /* confdefs.h.  */
| 
| #define PACKAGE_NAME "jikes"
| #define PACKAGE_TARNAME "jikes"
| #define PACKAGE_VERSION "1.22"
| #define PACKAGE_STRING "jikes 1.22"
| #define PACKAGE_BUGREPORT ""
| #define PACKAGE "jikes"
| #define VERSION "1.22"
| #define JIKES_VERSION_STRING "Version 1.22 - 3 October 2004"
| #define JIKES_DEBUG 1
| #ifdef __cplusplus
| extern "C" void exit (int) throw ();
| #endif
| #define PATH_SEPARATOR ':'
| #define UNIX_FILE_SYSTEM
| #define STDC_HEADERS 1
| #define HAVE_SYS_TYPES_H 1
| #define HAVE_SYS_STAT_H 1
| #define HAVE_STDLIB_H 1
| #define HAVE_STRING_H 1
| #define HAVE_MEMORY_H 1
| #define HAVE_STRINGS_H 1
| #define HAVE_INTTYPES_H 1
| #define HAVE_STDINT_H 1
| #define HAVE_UNISTD_H 1
| #define HAVE_STDIO_H 1
| #define HAVE_ASSERT_H 1
| #define HAVE_ERRNO_H 1
| #define HAVE_LIMITS_H 1
| #define HAVE_CTYPE_H 1
| #define HAVE_TIME_H 1
| #define HAVE_FLOAT_H 1
| #define HAVE_DIRENT_H 1
| #define HAVE_LOCALE_H 1
| #define HAVE_MATH_H 1
| #define HAVE_NAMESPACES 1
| #define HAVE_STD
| #define HAVE_BOOL
| #define HAVE_ERROR_DISCARD_CONST
| #define HAVE_WCHAR_H 1
| #define HAVE_STRING_H 1
| #define HAVE_STRINGS_H 1
| #define HAVE_MEMORY_H 1
| #define HAVE_WCSLEN 1
| #define HAVE_WCSCPY 1
| #define HAVE_WCSNCPY 1
| #define HAVE_WCSCAT 1
| #define HAVE_WCSCMP 1
| #define HAVE_WCSNCMP 1
| #define HAVE_WINT_T 1
| #define HAVE_OSTREAM_CONST_UNSIGNED_CHAR_PTR
| #define HAVE_ICONV_H 1
| #define HAVE_ERROR_CALL_ICONV_CONST
| #define SIZEOF_WCHAR_T 4
| #define JIKES_ICONV_ENCODING "wchar_t"
| /* end confdefs.h.  */
| 
| /* Override any gcc2 internal prototype to avoid an error.  */
| #ifdef __cplusplus
| extern "C"
| #endif
| /* We use char because int might match the return type of a gcc2
|    builtin and then its argument prototype would still apply.  */
| char u_getVersion ();
| int
| main ()
| {
| u_getVersion ();
|   ;
|   return 0;
| }
configure:6297: result: no
configure:6323: checking for cygwin_win32_to_posix_path_list
configure:6380: g++ -o conftest -g   conftest.cc  >&5
/tmp/ccIb7tBD.o: In function `main':
/home/angor/Applications/pinot/conftest.cc:99: undefined reference to `cygwin_win32_to_posix_path_list'
/tmp/ccIb7tBD.o:(.data+0x0): undefined reference to `cygwin_win32_to_posix_path_list'
collect2: ld returned 1 exit status
configure:6386: $? = 1
configure: failed program was:
| /* confdefs.h.  */
| 
| #define PACKAGE_NAME "jikes"
| #define PACKAGE_TARNAME "jikes"
| #define PACKAGE_VERSION "1.22"
| #define PACKAGE_STRING "jikes 1.22"
| #define PACKAGE_BUGREPORT ""
| #define PACKAGE "jikes"
| #define VERSION "1.22"
| #define JIKES_VERSION_STRING "Version 1.22 - 3 October 2004"
| #define JIKES_DEBUG 1
| #ifdef __cplusplus
| extern "C" void exit (int) throw ();
| #endif
| #define PATH_SEPARATOR ':'
| #define UNIX_FILE_SYSTEM
| #define STDC_HEADERS 1
| #define HAVE_SYS_TYPES_H 1
| #define HAVE_SYS_STAT_H 1
| #define HAVE_STDLIB_H 1
| #define HAVE_STRING_H 1
| #define HAVE_MEMORY_H 1
| #define HAVE_STRINGS_H 1
| #define HAVE_INTTYPES_H 1
| #define HAVE_STDINT_H 1
| #define HAVE_UNISTD_H 1
| #define HAVE_STDIO_H 1
| #define HAVE_ASSERT_H 1
| #define HAVE_ERRNO_H 1
| #define HAVE_LIMITS_H 1
| #define HAVE_CTYPE_H 1
| #define HAVE_TIME_H 1
| #define HAVE_FLOAT_H 1
| #define HAVE_DIRENT_H 1
| #define HAVE_LOCALE_H 1
| #define HAVE_MATH_H 1
| #define HAVE_NAMESPACES 1
| #define HAVE_STD
| #define HAVE_BOOL
| #define HAVE_ERROR_DISCARD_CONST
| #define HAVE_WCHAR_H 1
| #define HAVE_STRING_H 1
| #define HAVE_STRINGS_H 1
| #define HAVE_MEMORY_H 1
| #define HAVE_WCSLEN 1
| #define HAVE_WCSCPY 1
| #define HAVE_WCSNCPY 1
| #define HAVE_WCSCAT 1
| #define HAVE_WCSCMP 1
| #define HAVE_WCSNCMP 1
| #define HAVE_WINT_T 1
| #define HAVE_OSTREAM_CONST_UNSIGNED_CHAR_PTR
| #define HAVE_ICONV_H 1
| #define HAVE_ERROR_CALL_ICONV_CONST
| #define SIZEOF_WCHAR_T 4
| #define JIKES_ICONV_ENCODING "wchar_t"
| #define HAVE_ENCODING 1
| /* end confdefs.h.  */
| /* Define cygwin_win32_to_posix_path_list to an innocuous variant, in case <limits.h> declares cygwin_win32_to_posix_path_list.
|    For example, HP-UX 11i <limits.h> declares gettimeofday.  */
| #define cygwin_win32_to_posix_path_list innocuous_cygwin_win32_to_posix_path_list
| 
| /* System header to define __stub macros and hopefully few prototypes,
|     which can conflict with char cygwin_win32_to_posix_path_list (); below.
|     Prefer <limits.h> to <assert.h> if __STDC__ is defined, since
|     <limits.h> exists even on freestanding compilers.  */
| 
| #ifdef __STDC__
| # include <limits.h>
| #else
| # include <assert.h>
| #endif
| 
| #undef cygwin_win32_to_posix_path_list
| 
| /* Override any gcc2 internal prototype to avoid an error.  */
| #ifdef __cplusplus
| extern "C"
| {
| #endif
| /* We use char because int might match the return type of a gcc2
|    builtin and then its argument prototype would still apply.  */
| char cygwin_win32_to_posix_path_list ();
| /* The GNU C library defines this for functions which it implements
|     to always fail with ENOSYS.  Some functions are actually named
|     something starting with __ and the normal name is an alias.  */
| #if defined (__stub_cygwin_win32_to_posix_path_list) || defined (__stub___cygwin_win32_to_posix_path_list)
| choke me
| #else
| char (*f) () = cygwin_win32_to_posix_path_list;
| #endif
| #ifdef __cplusplus
| }
| #endif
| 
| int
| main ()
| {
| return f != cygwin_win32_to_posix_path_list;
|   ;
|   return 0;
| }
configure:6411: result: no
configure:6463: checking for strip
configure:6479: found /usr/bin/strip
configure:6490: result: strip
configure:6503: checking whether the compiler supports member constants
configure:6530: g++ -c -g  conftest.cc >&5
configure:6536: $? = 0
configure:6540: test -z 
			 || test ! -s conftest.err
configure:6543: $? = 0
configure:6546: test -s conftest.o
configure:6549: $? = 0
configure:6567: result: yes
configure:6578: checking whether the compiler supports the explicit keyword
configure:6605: g++ -c -g  conftest.cc >&5
configure:6611: $? = 0
configure:6615: test -z 
			 || test ! -s conftest.err
configure:6618: $? = 0
configure:6621: test -s conftest.o
configure:6624: $? = 0
configure:6642: result: yes
configure:6653: checking whether the compiler supports Run-Time Type Identification
configure:6692: g++ -c -g  conftest.cc >&5
configure:6698: $? = 0
configure:6702: test -z 
			 || test ! -s conftest.err
configure:6705: $? = 0
configure:6708: test -s conftest.o
configure:6711: $? = 0
configure:6729: result: yes
configure:6740: checking whether the compiler supports const_cast<>
configure:6767: g++ -c -g  conftest.cc >&5
configure:6773: $? = 0
configure:6777: test -z 
			 || test ! -s conftest.err
configure:6780: $? = 0
configure:6783: test -s conftest.o
configure:6786: $? = 0
configure:6804: result: yes
configure:6814: checking whether the compiler supports dynamic_cast<>
configure:6843: g++ -c -g  conftest.cc >&5
configure:6849: $? = 0
configure:6853: test -z 
			 || test ! -s conftest.err
configure:6856: $? = 0
configure:6859: test -s conftest.o
configure:6862: $? = 0
configure:6880: result: yes
configure:6890: checking whether the compiler supports reinterpret_cast<>
configure:6923: g++ -c -g  conftest.cc >&5
configure:6929: $? = 0
configure:6933: test -z 
			 || test ! -s conftest.err
configure:6936: $? = 0
configure:6939: test -s conftest.o
configure:6942: $? = 0
configure:6960: result: yes
configure:6970: checking whether the compiler supports static_cast<>
configure:7002: g++ -c -g  conftest.cc >&5
configure:7008: $? = 0
configure:7012: test -z 
			 || test ! -s conftest.err
configure:7015: $? = 0
configure:7018: test -s conftest.o
configure:7021: $? = 0
configure:7039: result: yes
configure:7059: checking for floating point support
configure:7064: result: emulated
configure:7079: checking for int8_t
configure:7103: g++ -c -g  conftest.cc >&5
configure:7109: $? = 0
configure:7113: test -z 
			 || test ! -s conftest.err
configure:7116: $? = 0
configure:7119: test -s conftest.o
configure:7122: $? = 0
configure:7133: result: yes
configure:8426: checking for uint8_t
configure:8450: g++ -c -g  conftest.cc >&5
configure:8456: $? = 0
configure:8460: test -z 
			 || test ! -s conftest.err
configure:8463: $? = 0
configure:8466: test -s conftest.o
configure:8469: $? = 0
configure:8480: result: yes
configure:10195: checking for int16_t
configure:10219: g++ -c -g  conftest.cc >&5
configure:10225: $? = 0
configure:10229: test -z 
			 || test ! -s conftest.err
configure:10232: $? = 0
configure:10235: test -s conftest.o
configure:10238: $? = 0
configure:10249: result: yes
configure:12386: checking for uint16_t
configure:12410: g++ -c -g  conftest.cc >&5
configure:12416: $? = 0
configure:12420: test -z 
			 || test ! -s conftest.err
configure:12423: $? = 0
configure:12426: test -s conftest.o
configure:12429: $? = 0
configure:12440: result: yes
configure:14155: checking for int32_t
configure:14179: g++ -c -g  conftest.cc >&5
configure:14185: $? = 0
configure:14189: test -z 
			 || test ! -s conftest.err
configure:14192: $? = 0
configure:14195: test -s conftest.o
configure:14198: $? = 0
configure:14209: result: yes
configure:16346: checking for uint32_t
configure:16370: g++ -c -g  conftest.cc >&5
configure:16376: $? = 0
configure:16380: test -z 
			 || test ! -s conftest.err
configure:16383: $? = 0
configure:16386: test -s conftest.o
configure:16389: $? = 0
configure:16400: result: yes
configure:18115: checking for int64_t
configure:18139: g++ -c -g  conftest.cc >&5
configure:18145: $? = 0
configure:18149: test -z 
			 || test ! -s conftest.err
configure:18152: $? = 0
configure:18155: test -s conftest.o
configure:18158: $? = 0
configure:18169: result: yes
configure:19884: checking for uint64_t
configure:19908: g++ -c -g  conftest.cc >&5
configure:19914: $? = 0
configure:19918: test -z 
			 || test ! -s conftest.err
configure:19921: $? = 0
configure:19924: test -s conftest.o
configure:19927: $? = 0
configure:19938: result: yes
configure:21652: checking whether int32_t and int are equivalent types
configure:21683: g++ -c -g  conftest.cc >&5
configure:21689: $? = 0
configure:21693: test -z 
			 || test ! -s conftest.err
configure:21696: $? = 0
configure:21699: test -s conftest.o
configure:21702: $? = 0
configure:21719: result: yes
configure:21972: checking for __S_IFDIR symbol
configure:21995: g++ -c -g  conftest.cc >&5
configure:22001: $? = 0
configure:22005: test -z 
			 || test ! -s conftest.err
configure:22008: $? = 0
configure:22011: test -s conftest.o
configure:22014: $? = 0
configure:22025: result: yes
configure:22028: checking for _S_IFDIR symbol
configure:22051: g++ -c -g  conftest.cc >&5
conftest.cc: In function 'int main()':
conftest.cc:74:9: error: '_S_IFDIR' was not declared in this scope
configure:22057: $? = 1
configure: failed program was:
| /* confdefs.h.  */
| 
| #define PACKAGE_NAME "jikes"
| #define PACKAGE_TARNAME "jikes"
| #define PACKAGE_VERSION "1.22"
| #define PACKAGE_STRING "jikes 1.22"
| #define PACKAGE_BUGREPORT ""
| #define PACKAGE "jikes"
| #define VERSION "1.22"
| #define JIKES_VERSION_STRING "Version 1.22 - 3 October 2004"
| #define JIKES_DEBUG 1
| #ifdef __cplusplus
| extern "C" void exit (int) throw ();
| #endif
| #define PATH_SEPARATOR ':'
| #define UNIX_FILE_SYSTEM
| #define STDC_HEADERS 1
| #define HAVE_SYS_TYPES_H 1
| #define HAVE_SYS_STAT_H 1
| #define HAVE_STDLIB_H 1
| #define HAVE_STRING_H 1
| #define HAVE_MEMORY_H 1
| #define HAVE_STRINGS_H 1
| #define HAVE_INTTYPES_H 1
| #define HAVE_STDINT_H 1
| #define HAVE_UNISTD_H 1
| #define HAVE_STDIO_H 1
| #define HAVE_ASSERT_H 1
| #define HAVE_ERRNO_H 1
| #define HAVE_LIMITS_H 1
| #define HAVE_CTYPE_H 1
| #define HAVE_TIME_H 1
| #define HAVE_FLOAT_H 1
| #define HAVE_DIRENT_H 1
| #define HAVE_LOCALE_H 1
| #define HAVE_MATH_H 1
| #define HAVE_NAMESPACES 1
| #define HAVE_STD
| #define HAVE_BOOL
| #define HAVE_ERROR_DISCARD_CONST
| #define HAVE_WCHAR_H 1
| #define HAVE_STRING_H 1
| #define HAVE_STRINGS_H 1
| #define HAVE_MEMORY_H 1
| #define HAVE_WCSLEN 1
| #define HAVE_WCSCPY 1
| #define HAVE_WCSNCPY 1
| #define HAVE_WCSCAT 1
| #define HAVE_WCSCMP 1
| #define HAVE_WCSNCMP 1
| #define HAVE_WINT_T 1
| #define HAVE_OSTREAM_CONST_UNSIGNED_CHAR_PTR
| #define HAVE_ICONV_H 1
| #define HAVE_ERROR_CALL_ICONV_CONST
| #define SIZEOF_WCHAR_T 4
| #define JIKES_ICONV_ENCODING "wchar_t"
| #define HAVE_ENCODING 1
| #define HAVE_MEMBER_CONSTANTS
| #define HAVE_EXPLICIT
| #define HAVE_RTTI
| #define HAVE_CONST_CAST
| #define HAVE_DYNAMIC_CAST
| #define HAVE_REINTERPRET_CAST
| #define HAVE_STATIC_CAST
| #define TYPE_INT32_T_IS_INT 1
| #define HAVE_64BIT_TYPES 1
| /* end confdefs.h.  */
| 
| #include <sys/stat.h>
| 
| int
| main ()
| {
| int i = _S_IFDIR; i++;
|   ;
|   return 0;
| }
configure:22081: result: no
configure:22084: checking for S_IFDIR symbol
configure:22107: g++ -c -g  conftest.cc >&5
configure:22113: $? = 0
configure:22117: test -z 
			 || test ! -s conftest.err
configure:22120: $? = 0
configure:22123: test -s conftest.o
configure:22126: $? = 0
configure:22137: result: yes
configure:22171: checking for mkdir
configure:22228: g++ -o conftest -g   conftest.cc  >&5
configure:22234: $? = 0
configure:22238: test -z 
			 || test ! -s conftest.err
configure:22241: $? = 0
configure:22244: test -s conftest
configure:22247: $? = 0
configure:22259: result: yes
configure:22274: checking for mac style mkdir
configure:22299: g++ -o conftest -g   conftest.cc  >&5
conftest.cc:72:22: fatal error: stat.mac.h: No such file or directory
compilation terminated.
configure:22305: $? = 1
configure: failed program was:
| /* confdefs.h.  */
| 
| #define PACKAGE_NAME "jikes"
| #define PACKAGE_TARNAME "jikes"
| #define PACKAGE_VERSION "1.22"
| #define PACKAGE_STRING "jikes 1.22"
| #define PACKAGE_BUGREPORT ""
| #define PACKAGE "jikes"
| #define VERSION "1.22"
| #define JIKES_VERSION_STRING "Version 1.22 - 3 October 2004"
| #define JIKES_DEBUG 1
| #ifdef __cplusplus
| extern "C" void exit (int) throw ();
| #endif
| #define PATH_SEPARATOR ':'
| #define UNIX_FILE_SYSTEM
| #define STDC_HEADERS 1
| #define HAVE_SYS_TYPES_H 1
| #define HAVE_SYS_STAT_H 1
| #define HAVE_STDLIB_H 1
| #define HAVE_STRING_H 1
| #define HAVE_MEMORY_H 1
| #define HAVE_STRINGS_H 1
| #define HAVE_INTTYPES_H 1
| #define HAVE_STDINT_H 1
| #define HAVE_UNISTD_H 1
| #define HAVE_STDIO_H 1
| #define HAVE_ASSERT_H 1
| #define HAVE_ERRNO_H 1
| #define HAVE_LIMITS_H 1
| #define HAVE_CTYPE_H 1
| #define HAVE_TIME_H 1
| #define HAVE_FLOAT_H 1
| #define HAVE_DIRENT_H 1
| #define HAVE_LOCALE_H 1
| #define HAVE_MATH_H 1
| #define HAVE_NAMESPACES 1
| #define HAVE_STD
| #define HAVE_BOOL
| #define HAVE_ERROR_DISCARD_CONST
| #define HAVE_WCHAR_H 1
| #define HAVE_STRING_H 1
| #define HAVE_STRINGS_H 1
| #define HAVE_MEMORY_H 1
| #define HAVE_WCSLEN 1
| #define HAVE_WCSCPY 1
| #define HAVE_WCSNCPY 1
| #define HAVE_WCSCAT 1
| #define HAVE_WCSCMP 1
| #define HAVE_WCSNCMP 1
| #define HAVE_WINT_T 1
| #define HAVE_OSTREAM_CONST_UNSIGNED_CHAR_PTR
| #define HAVE_ICONV_H 1
| #define HAVE_ERROR_CALL_ICONV_CONST
| #define SIZEOF_WCHAR_T 4
| #define JIKES_ICONV_ENCODING "wchar_t"
| #define HAVE_ENCODING 1
| #define HAVE_MEMBER_CONSTANTS
| #define HAVE_EXPLICIT
| #define HAVE_RTTI
| #define HAVE_CONST_CAST
| #define HAVE_DYNAMIC_CAST
| #define HAVE_REINTERPRET_CAST
| #define HAVE_STATIC_CAST
| #define TYPE_INT32_T_IS_INT 1
| #define HAVE_64BIT_TYPES 1
| #define JIKES_STAT_S_IFDIR __S_IFDIR
| #define HAVE_MKDIR 1
| /* end confdefs.h.  */
| 
| #include <sys/stat.h>
| #include <stat.mac.h>
| 
| int
| main ()
| {
| mkdir("foo.dir", 0);
| 
|   ;
|   return 0;
| }
configure:22331: result: no
configure:22334: checking for glibc style mkdir
configure:22359: g++ -o conftest -g   conftest.cc  >&5
configure:22365: $? = 0
configure:22369: test -z 
			 || test ! -s conftest.err
configure:22372: $? = 0
configure:22375: test -s conftest
configure:22378: $? = 0
configure:22391: result: yes
configure:22394: checking for libc5 style mkdir
configure:22419: g++ -o conftest -g   conftest.cc  >&5
configure:22425: $? = 0
configure:22429: test -z 
			 || test ! -s conftest.err
configure:22432: $? = 0
configure:22435: test -s conftest
configure:22438: $? = 0
configure:22451: result: yes
configure:22454: checking for win32 style mkdir
configure:22478: g++ -o conftest -g   conftest.cc  >&5
conftest.cc:71:20: fatal error: direct.h: No such file or directory
compilation terminated.
configure:22484: $? = 1
configure: failed program was:
| /* confdefs.h.  */
| 
| #define PACKAGE_NAME "jikes"
| #define PACKAGE_TARNAME "jikes"
| #define PACKAGE_VERSION "1.22"
| #define PACKAGE_STRING "jikes 1.22"
| #define PACKAGE_BUGREPORT ""
| #define PACKAGE "jikes"
| #define VERSION "1.22"
| #define JIKES_VERSION_STRING "Version 1.22 - 3 October 2004"
| #define JIKES_DEBUG 1
| #ifdef __cplusplus
| extern "C" void exit (int) throw ();
| #endif
| #define PATH_SEPARATOR ':'
| #define UNIX_FILE_SYSTEM
| #define STDC_HEADERS 1
| #define HAVE_SYS_TYPES_H 1
| #define HAVE_SYS_STAT_H 1
| #define HAVE_STDLIB_H 1
| #define HAVE_STRING_H 1
| #define HAVE_MEMORY_H 1
| #define HAVE_STRINGS_H 1
| #define HAVE_INTTYPES_H 1
| #define HAVE_STDINT_H 1
| #define HAVE_UNISTD_H 1
| #define HAVE_STDIO_H 1
| #define HAVE_ASSERT_H 1
| #define HAVE_ERRNO_H 1
| #define HAVE_LIMITS_H 1
| #define HAVE_CTYPE_H 1
| #define HAVE_TIME_H 1
| #define HAVE_FLOAT_H 1
| #define HAVE_DIRENT_H 1
| #define HAVE_LOCALE_H 1
| #define HAVE_MATH_H 1
| #define HAVE_NAMESPACES 1
| #define HAVE_STD
| #define HAVE_BOOL
| #define HAVE_ERROR_DISCARD_CONST
| #define HAVE_WCHAR_H 1
| #define HAVE_STRING_H 1
| #define HAVE_STRINGS_H 1
| #define HAVE_MEMORY_H 1
| #define HAVE_WCSLEN 1
| #define HAVE_WCSCPY 1
| #define HAVE_WCSNCPY 1
| #define HAVE_WCSCAT 1
| #define HAVE_WCSCMP 1
| #define HAVE_WCSNCMP 1
| #define HAVE_WINT_T 1
| #define HAVE_OSTREAM_CONST_UNSIGNED_CHAR_PTR
| #define HAVE_ICONV_H 1
| #define HAVE_ERROR_CALL_ICONV_CONST
| #define SIZEOF_WCHAR_T 4
| #define JIKES_ICONV_ENCODING "wchar_t"
| #define HAVE_ENCODING 1
| #define HAVE_MEMBER_CONSTANTS
| #define HAVE_EXPLICIT
| #define HAVE_RTTI
| #define HAVE_CONST_CAST
| #define HAVE_DYNAMIC_CAST
| #define HAVE_REINTERPRET_CAST
| #define HAVE_STATIC_CAST
| #define TYPE_INT32_T_IS_INT 1
| #define HAVE_64BIT_TYPES 1
| #define JIKES_STAT_S_IFDIR __S_IFDIR
| #define HAVE_MKDIR 1
| /* end confdefs.h.  */
| 
| #include <direct.h>
| 
| int
| main ()
| {
| mkdir("foo.dir");
| 
|   ;
|   return 0;
| }
configure:22510: result: no
configure:22548: checking floating point bug workaround for ICC compiler
configure:22604: result: no
configure:22782: creating ./config.status

## ---------------------- ##
## Running config.status. ##
## ---------------------- ##

This file was extended by jikes config.status 1.22, which was
generated by GNU Autoconf 2.59.  Invocation command line was

  CONFIG_FILES    = 
  CONFIG_HEADERS  = 
  CONFIG_LINKS    = 
  CONFIG_COMMANDS = 
  $ ./config.status 

on angor-IBM

config.status:702: creating Makefile
config.status:702: creating doc/Makefile
config.status:702: creating src/Makefile
config.status:806: creating src/config.h
config.status:1026: src/config.h is unchanged
config.status:1206: executing depfiles commands

## ---------------- ##
## Cache variables. ##
## ---------------- ##

ac_cv_build=i686-pc-linux-gnu
ac_cv_build_alias=i686-pc-linux-gnu
ac_cv_call_iconv=yes
ac_cv_call_iconv_non_const=yes
ac_cv_call_wcslen=yes
ac_cv_cxx_bool=yes
ac_cv_cxx_compiler_gnu=yes
ac_cv_cxx_const_cast=yes
ac_cv_cxx_dynamic_cast=yes
ac_cv_cxx_explicit=yes
ac_cv_cxx_have_std=yes
ac_cv_cxx_member_constants=yes
ac_cv_cxx_namespaces=yes
ac_cv_cxx_ostream_const_unsigned_char_ptr=yes
ac_cv_cxx_reinterpret_cast=yes
ac_cv_cxx_rtti=yes
ac_cv_cxx_static_cast=yes
ac_cv_env_CPPFLAGS_set=
ac_cv_env_CPPFLAGS_value=
ac_cv_env_CXXCPP_set=
ac_cv_env_CXXCPP_value=
ac_cv_env_CXXFLAGS_set=
ac_cv_env_CXXFLAGS_value=
ac_cv_env_CXX_set=
ac_cv_env_CXX_value=
ac_cv_env_LDFLAGS_set=
ac_cv_env_LDFLAGS_value=
ac_cv_env_build_alias_set=
ac_cv_env_build_alias_value=
ac_cv_env_host_alias_set=
ac_cv_env_host_alias_value=
ac_cv_env_target_alias_set=
ac_cv_env_target_alias_value=
ac_cv_error_call_iconv_const=yes
ac_cv_error_call_wcslen_const=no
ac_cv_error_discard_const=yes
ac_cv_exeext=
ac_cv_func_cygwin_win32_to_posix_path_list=no
ac_cv_func_mkdir=yes
ac_cv_func_wcscat=yes
ac_cv_func_wcscmp=yes
ac_cv_func_wcscpy=yes
ac_cv_func_wcslen=yes
ac_cv_func_wcsncmp=yes
ac_cv_func_wcsncpy=yes
ac_cv_header_assert_h=yes
ac_cv_header_ctype_h=yes
ac_cv_header_direct_h=no
ac_cv_header_dirent_h=yes
ac_cv_header_errno_h=yes
ac_cv_header_float_h=yes
ac_cv_header_iconv_h=yes
ac_cv_header_inttypes_h=yes
ac_cv_header_limits_h=yes
ac_cv_header_locale_h=yes
ac_cv_header_math_h=yes
ac_cv_header_memory_h=yes
ac_cv_header_stdc=yes
ac_cv_header_stdint_h=yes
ac_cv_header_stdio_h=yes
ac_cv_header_stdlib_h=yes
ac_cv_header_string_h=yes
ac_cv_header_strings_h=yes
ac_cv_header_sys_cygwin_h=no
ac_cv_header_sys_stat_h=yes
ac_cv_header_sys_types_h=yes
ac_cv_header_time_h=yes
ac_cv_header_unistd_h=yes
ac_cv_header_wchar_h=yes
ac_cv_header_windows_h=no
ac_cv_host=i686-pc-linux-gnu
ac_cv_host_alias=i686-pc-linux-gnu
ac_cv_int32_t_is_int=yes
ac_cv_jikes_iconv_encoding=wchar_t
ac_cv_lib_icu_uc_u_getVersion=no
ac_cv_objext=o
ac_cv_path_TOUCH=/usr/bin/touch
ac_cv_path_install='/usr/bin/install -c'
ac_cv_prog_AWK=mawk
ac_cv_prog_CXXCPP='g++ -E'
ac_cv_prog_ac_ct_CXX=g++
ac_cv_prog_ac_ct_STRIP=strip
ac_cv_prog_cxx_g=yes
ac_cv_prog_egrep='grep -E'
ac_cv_prog_make_make_set=yes
ac_cv_search_cos='none required'
ac_cv_search_iconv='none required'
ac_cv_search_libiconv_open=no
ac_cv_sizeof_wchar_t=4
ac_cv_standard_set_new_handler=yes
ac_cv_type_int16_t=yes
ac_cv_type_int32_t=yes
ac_cv_type_int64_t=yes
ac_cv_type_int8_t=yes
ac_cv_type_uint16_t=yes
ac_cv_type_uint32_t=yes
ac_cv_type_uint64_t=yes
ac_cv_type_uint8_t=yes
ac_cv_type_wchar_t=yes
ac_cv_type_wint_t=yes
ac_cv_vcpp_set_new_handler=no
acx_cv_pathname_style_dos=no
am_cv_CXX_dependencies_compiler_type=gcc3
jikes_cv_glibc_mkdir=yes
jikes_cv_icc_fp_bugs=no
jikes_cv_libc5_mkdir=yes
jikes_cv_mac_mkdir=no
jikes_cv_stat_ifdir_0underscore=yes
jikes_cv_stat_ifdir_1underscore=no
jikes_cv_stat_ifdir_2underscore=yes
jikes_cv_win32_mkdir=no

## ----------------- ##
## Output variables. ##
## ----------------- ##

ACLOCAL='${SHELL} /home/angor/Applications/pinot/missing --run aclocal-1.8'
AMDEPBACKSLASH='\'
AMDEP_FALSE='#'
AMDEP_TRUE=''
AMTAR='${SHELL} /home/angor/Applications/pinot/missing --run tar'
AUTOCONF='${SHELL} /home/angor/Applications/pinot/missing --run autoconf'
AUTOHEADER='${SHELL} /home/angor/Applications/pinot/missing --run autoheader'
AUTOMAKE='${SHELL} /home/angor/Applications/pinot/missing --run automake-1.8'
AWK='mawk'
CPPFLAGS=''
CXX='g++'
CXXCPP='g++ -E'
CXXDEPMODE='depmode=gcc3'
CXXFLAGS='-g'
CYGPATH_W='echo'
DEFS='-DHAVE_CONFIG_H'
DEPDIR='.deps'
ECHO_C=''
ECHO_N='-n'
ECHO_T=''
EGREP='grep -E'
EXEEXT=''
INSTALL_DATA='${INSTALL} -m 644'
INSTALL_PROGRAM='${INSTALL}'
INSTALL_SCRIPT='${INSTALL}'
INSTALL_STRIP_PROGRAM='${SHELL} $(install_sh) -c -s'
JIKESPG='jikespg'
LDFLAGS=''
LIBOBJS=''
LIBS=''
LTLIBOBJS=''
MAINT='#'
MAINTAINER_MODE_FALSE=''
MAINTAINER_MODE_TRUE='#'
MAKEINFO='${SHELL} /home/angor/Applications/pinot/missing --run makeinfo'
OBJEXT='o'
PACKAGE='jikes'
PACKAGE_BUGREPORT=''
PACKAGE_NAME='jikes'
PACKAGE_STRING='jikes 1.22'
PACKAGE_TARNAME='jikes'
PACKAGE_VERSION='1.22'
PATH_SEPARATOR=':'
SET_MAKE=''
SHELL='/bin/bash'
STRIP='strip'
TOUCH='/usr/bin/touch'
VERSION='1.22'
ac_ct_CXX='g++'
ac_ct_STRIP='strip'
am__fastdepCXX_FALSE='#'
am__fastdepCXX_TRUE=''
am__include='include'
am__leading_dot='.'
am__quote=''
bindir='${exec_prefix}/bin'
build='i686-pc-linux-gnu'
build_alias=''
build_cpu='i686'
build_os='linux-gnu'
build_vendor='pc'
datadir='${prefix}/share'
exec_prefix='${prefix}'
host='i686-pc-linux-gnu'
host_alias=''
host_cpu='i686'
host_os='linux-gnu'
host_vendor='pc'
includedir='${prefix}/include'
infodir='${prefix}/info'
install_sh='/home/angor/Applications/pinot/install-sh'
libdir='${exec_prefix}/lib'
libexecdir='${exec_prefix}/libexec'
localstatedir='${prefix}/var'
mandir='${prefix}/man'
mkdir_p='mkdir -p -- .'
oldincludedir='/usr/include'
prefix='/home/angor/Applications/pinot/PREFIX'
program_transform_name='s,x,x,'
sbindir='${exec_prefix}/sbin'
sharedstatedir='${prefix}/com'
sysconfdir='${prefix}/etc'
target_alias=''

## ----------- ##
## confdefs.h. ##
## ----------- ##

#define ENABLE_SOURCE_15 0
#define HAVE_64BIT_TYPES 1
#define HAVE_ASSERT_H 1
#define HAVE_BOOL
#define HAVE_CONST_CAST
#define HAVE_CTYPE_H 1
#define HAVE_DIRENT_H 1
#define HAVE_DYNAMIC_CAST
#define HAVE_ENCODING 1
#define HAVE_ERRNO_H 1
#define HAVE_ERROR_CALL_ICONV_CONST
#define HAVE_ERROR_DISCARD_CONST
#define HAVE_EXPLICIT
#define HAVE_FLOAT_H 1
#define HAVE_GLIBC_MKDIR
#define HAVE_ICONV_H 1
#define HAVE_INTTYPES_H 1
#define HAVE_LIMITS_H 1
#define HAVE_LOCALE_H 1
#define HAVE_MATH_H 1
#define HAVE_MEMBER_CONSTANTS
#define HAVE_MEMORY_H 1
#define HAVE_MEMORY_H 1
#define HAVE_MKDIR 1
#define HAVE_NAMESPACES 1
#define HAVE_OSTREAM_CONST_UNSIGNED_CHAR_PTR
#define HAVE_REINTERPRET_CAST
#define HAVE_RTTI
#define HAVE_STATIC_CAST
#define HAVE_STD
#define HAVE_STDINT_H 1
#define HAVE_STDIO_H 1
#define HAVE_STDLIB_H 1
#define HAVE_STRINGS_H 1
#define HAVE_STRINGS_H 1
#define HAVE_STRING_H 1
#define HAVE_STRING_H 1
#define HAVE_SYS_STAT_H 1
#define HAVE_SYS_TYPES_H 1
#define HAVE_TIME_H 1
#define HAVE_UNISTD_H 1
#define HAVE_WCHAR_H 1
#define HAVE_WCSCAT 1
#define HAVE_WCSCMP 1
#define HAVE_WCSCPY 1
#define HAVE_WCSLEN 1
#define HAVE_WCSNCMP 1
#define HAVE_WCSNCPY 1
#define HAVE_WINT_T 1
#define JIKES_DEBUG 1
#define JIKES_ICONV_ENCODING "wchar_t"
#define JIKES_STAT_S_IFDIR __S_IFDIR
#define JIKES_VERSION_STRING "Version 1.22 - 3 October 2004"
#define PACKAGE "jikes"
#define PACKAGE_BUGREPORT ""
#define PACKAGE_NAME "jikes"
#define PACKAGE_STRING "jikes 1.22"
#define PACKAGE_TARNAME "jikes"
#define PACKAGE_VERSION "1.22"
#define PATH_SEPARATOR ':'
#define SIZEOF_WCHAR_T 4
#define STDC_HEADERS 1
#define TYPE_INT32_T_IS_INT 1
#define UNIX_FILE_SYSTEM
#define VERSION "1.22"
#endif
#ifdef __cplusplus
extern "C" void exit (int) throw ();

configure: exit 0
